This is e-pTeX, Version 3.14159265-p3.7-160201-2.6 (utf8.euc) (TeX Live 2016) (preloaded format=platex 2017.2.10)  14 DEC 2017 15:01
entering extended mode
 restricted \write18 enabled.
 file:line:error style messages enabled.
 %&-line parsing enabled.
**thesis.tex
(./thesis.tex
pLaTeX2e <2016/11/29> (based on LaTeX2e <2017/01/01> patch level 1)
Babel <3.9r> and hyphenation patterns for 22 language(s) loaded.
(/usr/local/texlive/2016basic/texmf-dist/tex/platex/base/jreport.cls
Document Class: jreport 2016/11/22 v1.7b Standard pLaTeX class
\c@@paper=\count82
(/usr/local/texlive/2016basic/texmf-dist/tex/platex/base/jsize12.clo
File: jsize12.clo 2016/11/22 v1.7b Standard pLaTeX file (size option)
)
\c@part=\count83
\c@chapter=\count84
\c@section=\count85
\c@subsection=\count86
\c@subsubsection=\count87
\c@paragraph=\count88
\c@subparagraph=\count89
\c@figure=\count90
\c@table=\count91
\abovecaptionskip=\skip41
\belowcaptionskip=\skip42
\symmincho=\mathgroup4
LaTeX Font Info:    Overwriting symbol font `mincho' in version `bold'
(Font)                  JY1/mc/m/n --> JY1/gt/m/n on input line 653.
\toclineskip=\dimen118
\@lnumwidth=\dimen119
\bibindent=\dimen120
\heisei=\count92
)
(/usr/local/texlive/2016basic/texmf-dist/tex/latex/graphics/graphicx.sty
Package: graphicx 2014/10/28 v1.0g Enhanced LaTeX Graphics (DPC,SPQR)

(/usr/local/texlive/2016basic/texmf-dist/tex/latex/graphics/keyval.sty
Package: keyval 2014/10/28 v1.15 key=value parser (DPC)
\KV@toks@=\toks15
)
(/usr/local/texlive/2016basic/texmf-dist/tex/latex/graphics/graphics.sty
Package: graphics 2016/10/09 v1.0u Standard LaTeX Graphics (DPC,SPQR)

(/usr/local/texlive/2016basic/texmf-dist/tex/latex/graphics/trig.sty
Package: trig 2016/01/03 v1.10 sin cos tan (DPC)
)
(/usr/local/texlive/2016basic/texmf-dist/tex/latex/graphics-cfg/graphics.cfg
File: graphics.cfg 2016/06/04 v1.11 sample graphics configuration
)
Package graphics Info: Driver file: dvipdfmx.def on input line 99.

(/usr/local/texlive/2016basic/texmf-dist/tex/latex/graphics-def/dvipdfmx.def
File: dvipdfmx.def 2016/07/11 v4.12 LaTeX color/graphics driver for dvipdfmx (L
3/ChoF)
))
\Gin@req@height=\dimen121
\Gin@req@width=\dimen122
) (../dspc.sty) (../slashbox.sty
slashbox style by K.Yasuoka, May 1993.
\@slashboxa=\box41
\@slashboxb=\box42
\@slashboxc=\box43
\@slashboxwd=\count93
\@slashboxht=\count94
\@slashsepl=\dimen123
\@slashsepr=\dimen124
) (/usr/local/texlive/2016basic/texmf-dist/tex/latex/fancyvrb/fancyvrb.sty
Package: fancyvrb 2008/02/07

Style option: `fancyvrb' v2.7a, with DG/SPQR fixes, and firstline=lastline fix 
<2008/02/07> (tvz)
\FV@CodeLineNo=\count95
\FV@InFile=\read1
\FV@TabBox=\box44
\c@FancyVerbLine=\count96
\FV@StepNumber=\count97
\FV@OutFile=\write3
)
(/usr/local/texlive/2016basic/texmf-dist/tex/latex/fancyhdr/fancyhdr.sty
Package: fancyhdr 2016/09/06 3.8 Extensive control of page headers and footers
\fancy@headwidth=\skip43
\f@ncyO@elh=\skip44
\f@ncyO@erh=\skip45
\f@ncyO@olh=\skip46
\f@ncyO@orh=\skip47
\f@ncyO@elf=\skip48
\f@ncyO@erf=\skip49
\f@ncyO@olf=\skip50
\f@ncyO@orf=\skip51
)
(/Users/YoshinoKai/Library/texmf/tex/latex/here.sty)
(/usr/local/texlive/2016basic/texmf-dist/tex/latex/float/float.sty
Package: float 2001/11/08 v1.3d Float enhancements (AL)
\c@float@type=\count98
\float@exts=\toks16
\float@box=\box45
\@float@everytoks=\toks17
\@floatcapt=\box46
)
(/Users/YoshinoKai/Library/texmf/tex/latex/multirow.sty
Package: multirow 2016/11/25 v2.2 Span multiple rows of a table
\multirow@colwidth=\skip52
\multirow@cntb=\count99
\multirow@dima=\skip53
\bigstrutjot=\dimen125
)
(/usr/local/texlive/2016basic/texmf-dist/tex/latex/tools/hhline.sty
Package: hhline 2014/10/28 v2.03 Table rule package (DPC)
)
(/usr/local/texlive/2016basic/texmf-dist/tex/latex/amsmath/amsmath.sty
Package: amsmath 2016/11/05 v2.16a AMS math features
\@mathmargin=\skip54

For additional information on amsmath, use the `?' option.
(/usr/local/texlive/2016basic/texmf-dist/tex/latex/amsmath/amstext.sty
Package: amstext 2000/06/29 v2.01 AMS text

(/usr/local/texlive/2016basic/texmf-dist/tex/latex/amsmath/amsgen.sty
File: amsgen.sty 1999/11/30 v2.0 generic functions
\@emptytoks=\toks18
\ex@=\dimen126
))
(/usr/local/texlive/2016basic/texmf-dist/tex/latex/amsmath/amsbsy.sty
Package: amsbsy 1999/11/29 v1.2d Bold Symbols
\pmbraise@=\dimen127
)
(/usr/local/texlive/2016basic/texmf-dist/tex/latex/amsmath/amsopn.sty
Package: amsopn 2016/03/08 v2.02 operator names
)
\inf@bad=\count100
LaTeX Info: Redefining \frac on input line 213.
\uproot@=\count101
\leftroot@=\count102
LaTeX Info: Redefining \overline on input line 375.
\classnum@=\count103
\DOTSCASE@=\count104
LaTeX Info: Redefining \ldots on input line 472.
LaTeX Info: Redefining \dots on input line 475.
LaTeX Info: Redefining \cdots on input line 596.
\Mathstrutbox@=\box47
\strutbox@=\box48
\big@size=\dimen128
LaTeX Font Info:    Redeclaring font encoding OML on input line 712.
LaTeX Font Info:    Redeclaring font encoding OMS on input line 713.
\macc@depth=\count105
\c@MaxMatrixCols=\count106
\dotsspace@=\muskip10
\c@parentequation=\count107
\dspbrk@lvl=\count108
\tag@help=\toks19
\row@=\count109
\column@=\count110
\maxfields@=\count111
\andhelp@=\toks20
\eqnshift@=\dimen129
\alignsep@=\dimen130
\tagshift@=\dimen131
\tagwidth@=\dimen132
\totwidth@=\dimen133
\lineht@=\dimen134
\@envbody=\toks21
\multlinegap=\skip55
\multlinetaggap=\skip56
\mathdisplay@stack=\toks22
LaTeX Info: Redefining \[ on input line 2817.
LaTeX Info: Redefining \] on input line 2818.
)
(/usr/local/texlive/2016basic/texmf-dist/tex/latex/amsfonts/amsfonts.sty
Package: amsfonts 2013/01/14 v3.01 Basic AMSFonts support
\symAMSa=\mathgroup5
\symAMSb=\mathgroup6
LaTeX Font Info:    Overwriting math alphabet `\mathfrak' in version `bold'
(Font)                  U/euf/m/n --> U/euf/b/n on input line 106.
)
(/usr/local/texlive/2016basic/texmf-dist/tex/latex/tools/bm.sty
Package: bm 2017/01/16 v1.2c Bold Symbol Support (DPC/FMi)
\symboldoperators=\mathgroup7
\symboldletters=\mathgroup8
\symboldsymbols=\mathgroup9
\symboldmincho=\mathgroup10
LaTeX Font Info:    Redeclaring math alphabet \mathbf on input line 141.
LaTeX Info: Redefining \bm on input line 207.
)
(/Users/YoshinoKai/Library/texmf/tex/latex/algorithm.sty
Package: algorithm 2009/08/24 v0.1 Document Style `algorithm' - floating enviro
nment

(/usr/local/texlive/2016basic/texmf-dist/tex/latex/base/ifthen.sty
Package: ifthen 2014/09/29 v1.1c Standard LaTeX ifthen package (DPC)
)
\@float@every@algorithm=\toks23
\c@algorithm=\count112
)
(/Users/YoshinoKai/Library/texmf/tex/latex/algorithmicx.sty
Package: algorithmicx 2005/04/27 v1.2 Algorithmicx

Document Style algorithmicx 1.2 - a greatly improved `algorithmic' style
\c@ALG@line=\count113
\c@ALG@rem=\count114
\c@ALG@nested=\count115
\ALG@tlm=\skip57
\ALG@thistlm=\skip58
\c@ALG@Lnr=\count116
\c@ALG@blocknr=\count117
\c@ALG@storecount=\count118
\c@ALG@tmpcounter=\count119
\ALG@tmplength=\skip59
) (/Users/YoshinoKai/Library/texmf/tex/latex/algpseudocode.sty
Package: algpseudocode 

Document Style - pseudocode environments for use with the `algorithmicx' style
) (/Users/YoshinoKai/Library/texmf/tex/latex/threeparttable.sty
Package: threeparttable 2003/06/13  v 3.0
\@tempboxb=\box49
)
(/Users/YoshinoKai/Library/texmf/tex/latex/enumitem.sty
Package: enumitem 2011/09/28 v3.5.2 Customized lists
\labelindent=\skip60
\enit@outerparindent=\dimen135
\enit@toks=\toks24
\enit@inbox=\box50
\enitdp@description=\count120
)
(/Users/YoshinoKai/Library/texmf/tex/latex/comment.sty
\CommentStream=\write4

Excluding comment 'comment')
(/usr/local/texlive/2016basic/texmf-dist/tex/latex/fancybox/fancybox.sty
Package: fancybox 2010/05/15 1.4

Style option: `fancybox' v1.4 <2010/05/15> (tvz)
\@fancybox=\box51
\shadowsize=\dimen136
\@Sbox=\box52
\do@VerbBox=\toks25
\the@fancyput=\toks26
\this@fancyput=\toks27
\EndVerbatimTokens=\toks28
\Verbatim@Outfile=\write5
\Verbatim@Infile=\read2
) (/Users/YoshinoKai/Library/texmf/tex/latex/ulinej.sty
\ul@curpos=\count121
\ul@tmpbox=\box53
\ul@skipwidth=\dimen137
\ul@depth=\dimen138
\ul@height=\dimen139
)
\c@linenumber=\count122
 (./thesis.aux)
\openout1 = `thesis.aux'.

LaTeX Font Info:    Checking defaults for OML/cmm/m/it on input line 73.
LaTeX Font Info:    ... okay on input line 73.
LaTeX Font Info:    Checking defaults for T1/cmr/m/n on input line 73.
LaTeX Font Info:    ... okay on input line 73.
LaTeX Font Info:    Checking defaults for OT1/cmr/m/n on input line 73.
LaTeX Font Info:    ... okay on input line 73.
LaTeX Font Info:    Checking defaults for OMS/cmsy/m/n on input line 73.
LaTeX Font Info:    ... okay on input line 73.
LaTeX Font Info:    Checking defaults for OMX/cmex/m/n on input line 73.
LaTeX Font Info:    ... okay on input line 73.
LaTeX Font Info:    Checking defaults for U/cmr/m/n on input line 73.
LaTeX Font Info:    ... okay on input line 73.
LaTeX Font Info:    Checking defaults for JY1/mc/m/n on input line 73.
LaTeX Font Info:    ... okay on input line 73.
LaTeX Font Info:    Checking defaults for JT1/mc/m/n on input line 73.
LaTeX Font Info:    ... okay on input line 73.

(../hyoushi/title.tex
LaTeX Font Info:    Font shape `JT1/mc/bx/n' in size <24.88> not available
(Font)              Font shape `JT1/gt/m/n' tried instead on input line 30.
LaTeX Font Info:    Font shape `JY1/mc/bx/n' in size <24.88> not available
(Font)              Font shape `JY1/gt/m/n' tried instead on input line 30.
LaTeX Font Info:    Try loading font information for U+msa on input line 39.

(/usr/local/texlive/2016basic/texmf-dist/tex/latex/amsfonts/umsa.fd
File: umsa.fd 2013/01/14 v3.01 AMS symbols A
)
LaTeX Font Info:    Try loading font information for U+msb on input line 39.

(/usr/local/texlive/2016basic/texmf-dist/tex/latex/amsfonts/umsb.fd
File: umsb.fd 2013/01/14 v3.01 AMS symbols B
) [1

])
[2] (../0.Abstract/chapter.tex Excluding 'comment' comment.
Excluding 'comment' comment.) [1



] [2] [3] (./thesis.toc
LaTeX Font Info:    Font shape `JT1/mc/bx/n' in size <12> not available
(Font)              Font shape `JT1/gt/m/n' tried instead on input line 1.
LaTeX Font Info:    Font shape `JY1/mc/bx/n' in size <12> not available
(Font)              Font shape `JY1/gt/m/n' tried instead on input line 1.
 [4


] [5] [6])
\tf@toc=\write6
\openout6 = `thesis.toc'.

 [7]
(./thesis.lof)
\tf@lof=\write7
\openout7 = `thesis.lof'.

 [8


] (./thesis.lot)
\tf@lot=\write8
\openout8 = `thesis.lot'.

 (../1.Introduction/chapter.tex [9


] [10

]
第 1 章
LaTeX Font Info:    Font shape `JT1/mc/bx/n' in size <17.28> not available
(Font)              Font shape `JT1/gt/m/n' tried instead on input line 12.
LaTeX Font Info:    Font shape `JY1/mc/bx/n' in size <17.28> not available
(Font)              Font shape `JY1/gt/m/n' tried instead on input line 12.
File: ../images/2.Related_Work/argTree1.png Graphic file (type bmp)
<../images/2.Related_Work/argTree1.png> Excluding 'comment' comment. [11

]

LaTeX Font Warning: Font shape `JT1/mc/m/sl' undefined
(Font)              using `JT1/mc/m/n' instead on input line 67.


LaTeX Font Warning: Font shape `JY1/mc/m/sl' undefined
(Font)              using `JY1/mc/m/n' instead on input line 67.


Package Fancyhdr Warning: \headheight is too small (12.0pt): 
 Make it at least 16.49998pt.
 We now make it that large for the rest of the document.
 This may cause the page layout to be inconsistent, however.

[12] [13]) (../2.Related_Work/chapter.tex [14]
第 2 章
[15


]
LaTeX Font Info:    Font shape `JT1/mc/bx/n' in size <14.4> not available
(Font)              Font shape `JT1/gt/m/n' tried instead on input line 25.
LaTeX Font Info:    Font shape `JY1/mc/bx/n' in size <14.4> not available
(Font)              Font shape `JY1/gt/m/n' tried instead on input line 25.
File: ../images/2.Related_Work/COLLAGREE_thread.png Graphic file (type bmp)
 <../images/2.Related_Work/COLLAGREE_thread.png> [16

]
Excluding 'comment' comment. [17] [18]
File: ../images/2.Related_Work/textTiling-figure.png Graphic file (type bmp)

<../images/2.Related_Work/textTiling-figure.png>
File: ../images/2.Related_Work/textTiling-graph.png Graphic file (type bmp)

<../images/2.Related_Work/textTiling-graph.png> [19] [20]
File: ../images/2.Related_Work/topicModel-unigram.png Graphic file (type bmp)

<../images/2.Related_Work/topicModel-unigram.png>
File: ../images/2.Related_Work/topicModel-mixUnigram.png Graphic file (type bmp
)

<../images/2.Related_Work/topicModel-mixUnigram.png> [21]
File: ../images/2.Related_Work/topicModel-LDA.png Graphic file (type bmp)

<../images/2.Related_Work/topicModel-LDA.png> [22] [23] [24]
File: ../images/2.Related_Work/lexRank-graph.png Graphic file (type bmp)

<../images/2.Related_Work/lexRank-graph.png>

LaTeX Font Warning: Font shape `JT1/mc/m/sc' undefined
(Font)              using `JT1/mc/m/n' instead on input line 234.


LaTeX Font Warning: Font shape `JY1/mc/m/sc' undefined
(Font)              using `JY1/mc/m/n' instead on input line 234.

[25] [26]
File: ../images/2.Related_Work/WordParagraphMatrix2.png Graphic file (type bmp)

 <../images/2.Related_Work/WordParagraphMatrix2.png> [27] [28]
File: ../images/2.Related_Work/CBOW.png Graphic file (type bmp)

<../images/2.Related_Work/CBOW.png>
File: ../images/2.Related_Work/skip-gram.png Graphic file (type bmp)
 <../images/2.Related_Work/skip-gram.png>
Overfull \hbox (15.91663pt too wide) in paragraph at lines 313--333
 [][][] 
 []

[29] [30] [31]
File: ../images/2.Related_Work/embedTopic1.png Graphic file (type bmp)
 <../images/2.Related_Work/embedTopic1.png> [32]
File: ../images/2.Related_Work/TweetSift.png Graphic file (type bmp)

<../images/2.Related_Work/TweetSift.png> [33]) (../3.The_Model/chapter.tex
[34]
第 3 章
File: ../images/3.The_Model/WholeModel.png Graphic file (type bmp)
<../images/3.The_Model/WholeModel.png> [35


] [36]
LaTeX Font Info:    Try loading font information for OMS+cmr on input line 59.

(/usr/local/texlive/2016basic/texmf-dist/tex/latex/base/omscmr.fd
File: omscmr.fd 2014/09/29 v2.5h Standard LaTeX font definitions
)
LaTeX Font Info:    Font shape `OMS/cmr/bx/n' in size <12> not available
(Font)              Font shape `OMS/cmsy/b/n' tried instead on input line 59.

Overfull \hbox (64.67207pt too wide) in paragraph at lines 72--79
[][][][] 
 []

[37]
LaTeX Font Info:    Font shape `OMS/cmr/m/n' in size <12> not available
(Font)              Font shape `OMS/cmsy/m/n' tried instead on input line 91.
 [38] [39]) (../4.Implementation/chapter.tex [40]
第 4 章
File: ../images/4.Implementation/mecab.png Graphic file (type bmp)
<../images/4.Implementation/mecab.png> [41


]
Overfull \hbox (48.67046pt too wide) in paragraph at lines 32--37
[][] 
 []

[42]

LaTeX Warning: Reference `impl:preProcessing:sim' on page 43 undefined on input
 line 43.

[43] [44]) (../5.Experiments/chapter.tex [45] [46

]
第 5 章
[47

] [48

] [49] [50] [51] [52] [53] [54]) (../6.Conclusion/chapter.tex [55]
[56

]
第 6 章
) (../7.Acknowledgement/chapter.tex [57

] [58

] [59

]
Overfull \hbox (5.90514pt too wide) in paragraph at lines 37--39
[]\JY1/mc/m/sc/12 香港科技大学大学院 \OT1/cmr/m/n/12 De-part-ment of Com-puter 
Sci-ence and En-gi-neer-ing \JY1/mc/m/sc/12 の \OT1/cmr/m/n/12 Xingjian
 []

[60] [61]) (../Bibliography/chapter.tex (./thesis.bbl [62]

LaTeX Font Warning: Font shape `JT1/gt/m/it' undefined
(Font)              using `JT1/gt/m/n' instead on input line 9.


LaTeX Font Warning: Font shape `JY1/gt/m/it' undefined
(Font)              using `JY1/gt/m/n' instead on input line 9.

[63

] [64])) (../A.Mypaper/chapter.tex [65] [66

]
付 録 A  
[67

]) (../B.SIG-CCI2/chapter.tex [68


]
付 録 B  
File: ../B.SIG-CCI2/yoshino-paper6.pdf Graphic file (type pdf)
<../B.SIG-CCI2/yoshino-paper6.pdf>
File: ../B.SIG-CCI2/yoshino-paper6.pdf Graphic file (type pdf)
 <../B.SIG-CCI2/yoshino-paper6.pdf>
File: ../B.SIG-CCI2/yoshino-paper6.pdf Graphic file (type pdf)

<../B.SIG-CCI2/yoshino-paper6.pdf>
File: ../B.SIG-CCI2/yoshino-paper6.pdf Graphic file (type pdf)
 <../B.SIG-CCI2/yoshino-paper6.pdf> [69

]
[70] [71] [72] [73]) (../C.IJCAI-16/chapter.tex Excluding 'comment' comment.)
(./thesis.aux)

LaTeX Font Warning: Some font shapes were not available, defaults substituted.


LaTeX Warning: There were undefined references.


LaTeX Warning: Label(s) may have changed. Rerun to get cross-references right.

 )
(\end occurred when \ifx on line 72 was incomplete) 
Here is how much of TeX's memory you used:
 3566 strings out of 494899
 50204 string characters out of 6175707
 125367 words of memory out of 5000000
 6913 multiletter control sequences out of 15000+600000
 22548 words of font info for 87 fonts, out of 8000000 for 9000
 107 hyphenation exceptions out of 8191
 28i,11n,43p,563b,514s stack positions out of 5000i,500n,10000p,200000b,80000s

Output written on thesis.dvi (75 pages, 137232 bytes).
